<?xml version="1.0" encoding="UTF-8"?>
<!-- Generated by org.testng.reporters.JUnitReportReporter -->
<testsuite hostname="SMTC-R-0117" failures="0" tests="4" name="api.test.UserTests2" time="9.459" errors="0" timestamp="2023-10-18T10:30:18 IST" skipped="0">
  <testcase classname="api.test.UserTests2" name="testPostUser" time="3.906"/>
  <testcase classname="api.test.UserTests2" name="testGetUserByName" time="1.346"/>
  <testcase classname="api.test.UserTests2" name="testUpdateUser" time="2.923"/>
  <testcase classname="api.test.UserTests2" name="testDeleteUserByName" time="1.284"/>
</testsuite> <!-- api.test.UserTests2 -->
