<?xml version="1.0" encoding="UTF-8"?>
<!-- Generated by org.testng.reporters.JUnitReportReporter -->
<testsuite hostname="SMTC-R-0117" failures="0" tests="6" name="api.test.DDTests" time="10.609" errors="0" timestamp="2023-10-17T16:35:07 IST" skipped="0">
  <testcase classname="api.test.DDTests" name="testPostuser" time="1.274"/>
  <testcase classname="api.test.DDTests" name="testPostuser" time="4.153"/>
  <testcase classname="api.test.DDTests" name="testPostuser" time="1.289"/>
  <testcase classname="api.test.DDTests" name="testDeleteUserByName" time="1.263"/>
  <testcase classname="api.test.DDTests" name="testDeleteUserByName" time="1.289"/>
  <testcase classname="api.test.DDTests" name="testDeleteUserByName" time="1.341"/>
</testsuite> <!-- api.test.DDTests -->
